e:\github\mso_code\[lib]mhconsole\release\mhconsole.bsc
e:\github\mso_code\[lib]mhconsole\release\vc120.pdb
e:\github\mso_code\[lib]mhconsole\release\clinkedlist.sbr
e:\github\mso_code\[lib]mhconsole\release\mhconsole.sbr
e:\github\mso_code\[lib]mhconsole\release\miruqumemorypool.sbr
e:\github\mso_code\[lib]mhconsole\release\tconsole.sbr
e:\github\mso_code\[lib]mhconsole\release\tconsolefactory.sbr
e:\github\mso_code\[lib]mhconsole\release\tlist.sbr
e:\github\mso_code\[lib]mhconsole\release\utils.sbr
e:\github\mso_code\[lib]mhconsole\release\utils.nativecodeanalysis.xml
e:\github\mso_code\[lib]mhconsole\release\tlist.nativecodeanalysis.xml
e:\github\mso_code\[lib]mhconsole\release\tconsolefactory.nativecodeanalysis.xml
e:\github\mso_code\[lib]mhconsole\release\tconsole.nativecodeanalysis.xml
e:\github\mso_code\[lib]mhconsole\release\miruqumemorypool.nativecodeanalysis.xml
e:\github\mso_code\[lib]mhconsole\release\mhconsole.nativecodeanalysis.xml
e:\github\mso_code\[lib]mhconsole\release\clinkedlist.nativecodeanalysis.xml
e:\github\mso_code\[lib]mhconsole\release\clinkedlist.obj
e:\github\mso_code\[lib]mhconsole\release\mhconsole.obj
e:\github\mso_code\[lib]mhconsole\release\miruqumemorypool.obj
e:\github\mso_code\[lib]mhconsole\release\tconsole.obj
e:\github\mso_code\[lib]mhconsole\release\tconsolefactory.obj
e:\github\mso_code\[lib]mhconsole\release\tlist.obj
e:\github\mso_code\[lib]mhconsole\release\utils.obj
e:\github\dll\mhconsole.dll
e:\github\mso_code\[lib]mhconsole\release\mhconsole.lib
e:\github\mso_code\[lib]mhconsole\release\mhconsole.exp
e:\github\mso_code\[lib]mhconsole\release\script.res
d:\mso_new\mso_code\[lib]mhconsole\release\nativecodeanalysis.read.1.tlog
d:\mso_new\mso_code\[lib]mhconsole\release\vc.nativecodeanalysis.all.xml
d:\mso_new\mso_code\[lib]mhconsole\release\mhconsole.tlog\bscmake.command.1.tlog
d:\mso_new\mso_code\[lib]mhconsole\release\mhconsole.tlog\bscmake.read.1.tlog
d:\mso_new\mso_code\[lib]mhconsole\release\mhconsole.tlog\bscmake.write.1.tlog
d:\mso_new\mso_code\[lib]mhconsole\release\mhconsole.tlog\cl.command.1.tlog
d:\mso_new\mso_code\[lib]mhconsole\release\mhconsole.tlog\cl.read.1.tlog
d:\mso_new\mso_code\[lib]mhconsole\release\mhconsole.tlog\cl.write.1.tlog
d:\mso_new\mso_code\[lib]mhconsole\release\mhconsole.tlog\link.command.1.tlog
d:\mso_new\mso_code\[lib]mhconsole\release\mhconsole.tlog\link.read.1.tlog
d:\mso_new\mso_code\[lib]mhconsole\release\mhconsole.tlog\link.write.1.tlog
d:\mso_new\mso_code\[lib]mhconsole\release\mhconsole.tlog\mhconsole.write.1u.tlog
d:\mso_new\mso_code\[lib]mhconsole\release\mhconsole.tlog\rc.command.1.tlog
d:\mso_new\mso_code\[lib]mhconsole\release\mhconsole.tlog\rc.read.1.tlog
d:\mso_new\mso_code\[lib]mhconsole\release\mhconsole.tlog\rc.write.1.tlog
