Build started 29/1/2022 10:03:21 AM.
     1>Project "D:\Mso_NEW\Mso_Code\[Server]Map\MapServer.vcxproj" on node 2 (Rebuild target(s)).
     1>ClCompile:
         D:\Software\VS 2013\VC\bin\CL.exe /c /I.\ /I"..\[Lib]YHLibrary" /I"..\[CC]ServerModule" /I"..\[CC]Ability" /I"..\[CC]BattleSystem" /I"..\[CC]Skill" /ZI /nologo /W0 /WX- /Od /Oy- /D WIN32 /D _DEBUG /D _WINDOWS /D _MAPSERVER_ /D __MAPSERVER__ /D _CRYPTCHECK_ /D _KOR_LOCAL_ /D _MARRYITEM_ /D _ZHMSO_ /D _VC80_UPGRADE=0x0710 /D _MBCS /Gm- /EHsc /MTd /GS /fp:precise /Zc:wchar_t /Zc:forScope /Fo".\..\Obj\Mapserver\MapServer___Win32_Debug_Console/" /Fd".\..\Obj\Mapserver\MapServer___Win32_Debug_Console/vc120.pdb" /FR"Debug_TL\\" /Gd /TP /analyze- /errorReport:prompt ..\UnionWarManager.cpp "..\[CC]Ability\AbilityUse_Pet.cpp" "..\[CC]Skill\DetectState.cpp" "..\[CC]Skill\SkillObjectAttachUnit_SkipEffect.cpp" "..\[CC]Skill\SkillObjectFirstUnit_Job.cpp" "..\[CC]Skill\SkillObjectFirstUnit_SingleSpecialState.cpp" AutoNoteManager.cpp AutoNoteRoom.cpp BobusangManager.cpp Date.cpp FieldBossMonster.cpp FieldBossMonsterManager.cpp FieldSubMonster.cpp FortWarManager.cpp FortWarWareSlot.cpp GameEventManager.cpp IndexManager.cpp ItemLimitManager.cpp KillTopManager.cpp LimitItemDropManager.cpp MapItemDrop.cpp Pet.cpp PetInvenSlot.cpp PetManager.cpp PetSpeechManager.cpp PetWearSlot.cpp RechargeRecordManager.cpp ShopItemLimitManager.cpp SiegeWarGiveItem.cpp SingedManager.cpp sRestManager.cpp SurvivalModeManager.cpp Tile.cpp Titan.cpp TitanItemManager.cpp TitanManager.cpp TitanShopItemSlot.cpp TitanWearSlot.cpp
         UnionWarManager.cpp
         AbilityUse_Pet.cpp
         DetectState.cpp
         SkillObjectAttachUnit_SkipEffect.cpp
         SkillObjectFirstUnit_Job.cpp
         SkillObjectFirstUnit_SingleSpecialState.cpp
         AutoNoteManager.cpp
         AutoNoteRoom.cpp
         BobusangManager.cpp
         Date.cpp
         FieldBossMonster.cpp
         FieldBossMonsterManager.cpp
         FieldSubMonster.cpp
         FortWarManager.cpp
         FortWarWareSlot.cpp
         GameEventManager.cpp
         IndexManager.cpp
         ItemLimitManager.cpp
         KillTopManager.cpp
         LimitItemDropManager.cpp
         Generating Code...
         Compiling...
         MapItemDrop.cpp
         Pet.cpp
         PetInvenSlot.cpp
         PetManager.cpp
         PetSpeechManager.cpp
         PetWearSlot.cpp
         RechargeRecordManager.cpp
         ShopItemLimitManager.cpp
         SiegeWarGiveItem.cpp
         SingedManager.cpp
         sRestManager.cpp
         SurvivalModeManager.cpp
         Tile.cpp
         Titan.cpp
         TitanItemManager.cpp
         TitanManager.cpp
         TitanShopItemSlot.cpp
         TitanWearSlot.cpp
         Generating Code...
         D:\Software\VS 2013\VC\bin\CL.exe /c /I.\ /I"..\[Lib]YHLibrary" /I"..\[CC]ServerModule" /I"..\[CC]Ability" /I"..\[CC]BattleSystem" /I"..\[CC]Skill" /ZI /nologo /W0 /WX- /Od /Oy- /D WIN32 /D _DEBUG /D _WINDOWS /D _MAPSERVER_ /D __MAPSERVER__ /D _CRYPTCHECK_ /D _KOR_LOCAL_ /D _MARRYITEM_ /D _ZHMSO_ /D _VC80_UPGRADE=0x0710 /D _MBCS /Gm- /EHsc /RTC1 /MTd /GS /fp:precise /Zc:wchar_t /Zc:forScope /Fo".\..\Obj\Mapserver\MapServer___Win32_Debug_Console/" /Fd".\..\Obj\Mapserver\MapServer___Win32_Debug_Console/vc120.pdb" /FR"Debug_TL\\" /Gd /TP /analyze- /errorReport:prompt "..\[CC]Ability\Ability.cpp" "..\[CC]Ability\AbilityCommonHeader.cpp" "..\[CC]Ability\AbilityGroup.cpp" "..\[CC]Ability\AbilityInfo.cpp" "..\[CC]Ability\AbilityManager.cpp" "..\[CC]Ability\AbilityUpdater.cpp" "..\[CC]Ability\AbilityUpdater_ApplyData.cpp" "..\[CC]Ability\AbilityUpdater_CheckLevelUp.cpp" "..\[CC]Ability\AbilityUpdater_Database.cpp" "..\[CC]Ability\AbilityUse.cpp" "..\[CC]Ability\AbilityUse_Job.cpp" "..\[CC]Ability\AbilityUse_KyungGong.cpp" "..\[CC]Ability\AbilityUse_Society.cpp" "..\[CC]BattleSystem\Battle.cpp" "..\[CC]BattleSystem\BattleFactory.cpp" "..\[CC]BattleSystem\BattleObject.cpp" "..\[CC]BattleSystem\BattleRect.cpp" "..\[CC]BattleSystem\BattleSystem_Client.cpp" "..\[CC]BattleSystem\BattleSystem_Server.cpp" "..\[CC]BattleSystem\BattleTeam.cpp" "..\[CC]BattleSystem\GTournament\BattleFactory_GTournament.cpp" "..\[CC]BattleSystem\GTournament\BattleTeam_GTournament.cpp" "..\[CC]BattleSystem\GTournament\Battle_GTournament.cpp" "..\[CC]BattleSystem\MunpaField\BattleFactory_MunpaField.cpp" "..\[CC]BattleSystem\MunpaField\BattleTeam_MunpaField.cpp" "..\[CC]BattleSystem\MunpaField\Battle_MunpaField.cpp" "..\[CC]BattleSystem\MurimField\battlefactory_murimfield.cpp" "..\[CC]BattleSystem\MurimField\battleteam_murimfield.cpp" "..\[CC]BattleSystem\MurimField\battle_murimfield.cpp" "..\[CC]BattleSystem\SiegeWar\BattleFactory_SiegeWar.cpp" "..\[CC]BattleSystem\SiegeWar\BattleTeam_SiegeWar.cpp" "..\[CC]BattleSystem\SiegeWar\Battle_SiegeWar.cpp" "..\[CC]BattleSystem\Suryun\BattleFactory_Suryun.cpp" "..\[CC]BattleSystem\Suryun\BattleTeam_Suryun.cpp" "..\[CC]BattleSystem\Suryun\Battle_Suryun.cpp" "..\[CC]BattleSystem\VimuStreet\BattleFactory_VimuStreet.cpp" "..\[CC]BattleSystem\VimuStreet\BattleTeam_VimuStreet.cpp" "..\[CC]BattleSystem\VimuStreet\Battle_VimuStreet.cpp" "..\[CC]Header\CommonCalcFunc.cpp" "..\[CC]Header\CommonGameFunc.cpp" "..\[CC]Header\GameResourceManager.cpp" "..\[CC]Header\TargetList\TargetData.cpp" "..\[CC]Header\TargetList\TargetList.cpp" "..\[CC]Header\TargetList\TargetListIterator.cpp" "..\[CC]Header\vector.cpp" "..\[CC]Quest\QuestCondition.cpp" "..\[CC]Quest\QuestEvent.cpp" "..\[CC]Quest\QuestExecute.cpp" "..\[CC]Quest\QuestExecute_Count.cpp" "..\[CC]Quest\QuestExecute_Item.cpp" "..\[CC]Quest\QuestExecute_Quest.cpp" "..\[CC]Quest\QuestExecute_RandomItem.cpp" "..\[CC]Quest\QuestExecute_Time.cpp" "..\[CC]Quest\QuestInfo.cpp" "..\[CC]Quest\QuestLimit.cpp" "..\[CC]Quest\QuestLimitKind.cpp" "..\[CC]Quest\QuestLimitKind_Level.cpp" "..\[CC]Quest\QuestLimitKind_Quest.cpp" "..\[CC]Quest\QuestNpc.cpp" "..\[CC]Quest\QuestNpcData.cpp" "..\[CC]Quest\QuestNpcScript.cpp" "..\[CC]Quest\QuestNpcScriptData.cpp" "..\[CC]Quest\QuestScriptLoader.cpp" "..\[CC]Quest\QuestString.cpp" "..\[CC]Quest\QuestTrigger.cpp" "..\[CC]Quest\SubQuestInfo.cpp" "..\[CC]ServerModule\BootManager.cpp" "..\[CC]ServerModule\CommonDBMsgParser.cpp" "..\[CC]ServerModule\Console.cpp" "..\[CC]ServerModule\DataBase.cpp" "..\[CC]ServerModule\MiniDumper.cpp" "..\[CC]ServerModule\Network.cpp" "..\[CC]ServerModule\ServerListManager.cpp" "..\[CC]Skill\AmplifiedPower.cpp" "..\[CC]Skill\DelayGroup.cpp" "..\[CC]Skill\SkillArea.cpp" "..\[CC]Skill\SkillAreaData.cpp" "..\[CC]Skill\SkillAreaManager.cpp" "..\[CC]Skill\skillinfo.cpp" "..\[CC]Skill\SkillManager_client.cpp" "..\[CC]Skill\SkillManager_server.cpp" "..\[CC]Skill\SkillObjectAttachUnit.cpp" "..\[CC]Skill\SkillObjectAttachUnit_Attack.cpp" "..\[CC]Skill\SkillObjectAttachUnit_CounterAttack.cpp" "..\[CC]Skill\SkillObjectAttachUnit_Defence.cpp" "..\[CC]Skill\SkillObjectAttachUnit_Dodge1.cpp" "..\[CC]Skill\SkillObjectAttachUnit_Immune.cpp" "..\[CC]Skill\SkillObjectAttachUnit_MaxLife.cpp" "..\[CC]Skill\SkillObjectAttachUnit_MoveSpeed.cpp" "..\[CC]Skill\SkillObjectAttachUnit_Vampiric.cpp" "..\[CC]Skill\SkillObjectFactory.cpp" "..\[CC]Skill\SkillObjectFirstUnit.cpp" "..\[CC]Skill\SkillObjectFirstUnit_Attack.cpp" "..\[CC]Skill\SkillObjectFirstUnit_Recover.cpp" "..\[CC]Skill\SkillObjectSingleUnit.cpp" "..\[CC]Skill\SkillObjectSingleUnit_Attack.cpp" "..\[CC]Skill\SkillObjectSingleUnit_Heal.cpp" "..\[CC]Skill\SkillObjectSingleUnit_Recharge.cpp" "..\[CC]Skill\SkillObjectStateUnit.cpp" "..\[CC]Skill\SkillObjectStateUnit_AmplifiedPower.cpp" "..\[CC]Skill\SkillObjectStateUnit_DummyState.cpp" "..\[CC]Skill\SkillObjectStateUnit_StatusAttach.cpp" "..\[CC]Skill\SkillObjectStateUnit_TieUp.cpp" "..\[CC]Skill\SkillObjectTargetList.cpp" "..\[CC]Skill\SkillObjectTargetList_Area.cpp" "..\[CC]Skill\SkillObjectTargetList_Circle.cpp" "..\[CC]Skill\SkillObjectTargetList_Fixed.cpp" "..\[CC]Skill\SkillObjectTargetList_One.cpp" "..\[CC]Skill\SkillObjectTerminator.cpp" "..\[CC]Skill\SkillObjectTerminator_Time.cpp" "..\[CC]Skill\SkillObject_client.cpp" "..\[CC]Skill\SkillObject_Mine.cpp" "..\[CC]Skill\skillobject_server.cpp" "..\[CC]Skill\SpecialState.cpp" "..\[CC]Skill\Status.cpp" "..\[CC]Skill\StunState.cpp" "..\[CC]Skill\ValueInSung.cpp" "..\[CC]Suryun\SuryunDefine.cpp" "..\[CC]Suryun\SuryunManager_client.cpp" "..\[CC]Suryun\SuryunManager_server.cpp" AIGroupManager.cpp AIGroupPrototype.cpp AIManager.cpp AIParam.cpp AISystem.cpp AIUniqueGroup.cpp AttackCalc.cpp AttackManager.cpp AuctionContents.cpp BattleFactory_Default.cpp BossMonster.cpp BossMonsterInfo.cpp BossMonsterManager.cpp BossRewardsManager.cpp BossState.cpp ChangeItemMgr.cpp Channel.cpp ChannelSystem.cpp CharacterCalcManager.cpp CharacterManager.cpp CharMove.cpp CheckRoutine.cpp cJackpotManager.cpp cMonsterSpeechManager.cpp CommonNetworkMsgParser.cpp Condition\ACTION.cpp Condition\ActionManager.cpp Condition\ACTION_exe.cpp Condition\ConditionFactory.cpp Condition\ConditionManager.cpp Condition\ConditionNode.cpp Condition\ConditionObject.cpp Condition\ConditionObjectManager.cpp Condition\DATA.cpp Condition\OPDATA.cpp Condition\RESOURCE.cpp Condition\SITUATION.cpp Condition\SITUATION_exe.cpp CQuestBase.cpp DataBlock.cpp DataBlockManager.cpp DissolutionManager.cpp Distributer.cpp DistributeWay.cpp Distribute_Damage.cpp Distribute_Random.cpp Economy.cpp EventMapMgr.cpp ExchangeManager.cpp ExchangeRoom.cpp FameManager.cpp FixedTile.cpp FixedTileInfo.cpp FriendManager.cpp GeneralGridTable.cpp Grid.cpp GridSystem.cpp GridTable.cpp GridUnit.cpp GroupRegenInfo.cpp Guild.cpp GuildFieldWarMgr.cpp GuildManager.cpp GuildMark.cpp GuildTournamentMgr.cpp GuildUnion.cpp GuildUnionManager.cpp GuildWarehouse.cpp HelpRequestManager.cpp InventorySlot.cpp ItemContainer.cpp ItemDrop.cpp ItemManager.cpp ItemSlot.cpp JournalManager.cpp KyungGongInfo.cpp KyungGongManager.cpp LootingManager.cpp LootingRoom.cpp MapChange.cpp MapDBMsgParser.cpp MapNetworkMsgParser.cpp MapObject.cpp MemoryChecker.cpp MHError.cpp MHFile.cpp MHMap.cpp MHTimeManager.cpp Monster.cpp MsgRouter.cpp MugongManager.cpp MunpaWareSlot.cpp MurimGridTable.cpp Npc.cpp Object.cpp ObjectEvent.cpp ObjectFactory.cpp ObjectStateManager.cpp OptionManager.cpp PackedData.cpp Party.cpp PartyManager.cpp PartyWarMgr.cpp PathManager.cpp PatternNPC.cpp PatternObject.cpp PeaceWarModManager.cpp PKManager.cpp Player.cpp Purse.cpp PyoGukManager.cpp PyogukSlot.cpp Quest.cpp QuestGroup.cpp QuestManager.cpp QuestMapMgr.cpp QuestRegenMgr.cpp QuestUpdater.cpp QuickManager.cpp RarenessManager.cpp RecallManager.cpp RegenConditionInfo.cpp RegenManager.cpp RegenNPC.cpp RegenPrototype.cpp ReinforceManager.cpp Server.cpp ServerSystem.cpp ServerTable.cpp ShopInvenSlot.cpp ShopItemManager.cpp ShopItemSlot.cpp SiegeWarMgr.cpp SiegeWarProfitMgr.cpp SocietyActManager.cpp StateMachinen.cpp StateNPC.cpp StateParam.cpp StatisticsManager.cpp StatsCalcManager.cpp StdAfx.cpp StreetStall.cpp StreetStallManager.cpp STRPath.cpp SummonGroup.cpp SummonInfo.cpp SummonMonster.cpp SuryunRegen.cpp SuryunRegenGroup.cpp SuryunRegenGroupInfo.cpp SuryunRegenInfo.cpp SuryunRegenManager.cpp TacticManager.cpp TacticObject.cpp TacticStartInfo.cpp TaticAbilityInfo.cpp TileGroup.cpp TileManager.cpp UngijosikManager.cpp UserTable.cpp VimuManager.cpp WantedInfo.cpp WantedManager.cpp WearSlot.cpp WeatherManager.cpp
         Ability.cpp
         AbilityCommonHeader.cpp
         AbilityGroup.cpp
         AbilityInfo.cpp
         AbilityManager.cpp
         AbilityUpdater.cpp
         AbilityUpdater_ApplyData.cpp
         AbilityUpdater_CheckLevelUp.cpp
         AbilityUpdater_Database.cpp
         AbilityUse.cpp
         AbilityUse_Job.cpp
         AbilityUse_KyungGong.cpp
         AbilityUse_Society.cpp
         Battle.cpp
         BattleFactory.cpp
         BattleObject.cpp
         BattleRect.cpp
         BattleSystem_Client.cpp
         BattleSystem_Server.cpp
         BattleTeam.cpp
         Generating Code...
         Compiling...
         BattleFactory_GTournament.cpp
         BattleTeam_GTournament.cpp
         Battle_GTournament.cpp
         BattleFactory_MunpaField.cpp
         BattleTeam_MunpaField.cpp
         Battle_MunpaField.cpp
         battlefactory_murimfield.cpp
         battleteam_murimfield.cpp
         battle_murimfield.cpp
         BattleFactory_SiegeWar.cpp
         BattleTeam_SiegeWar.cpp
         Battle_SiegeWar.cpp
         BattleFactory_Suryun.cpp
         BattleTeam_Suryun.cpp
         Battle_Suryun.cpp
         BattleFactory_VimuStreet.cpp
         BattleTeam_VimuStreet.cpp
         Battle_VimuStreet.cpp
         CommonCalcFunc.cpp
         CommonGameFunc.cpp
         Generating Code...
         Compiling...
         GameResourceManager.cpp
         TargetData.cpp
         TargetList.cpp
         TargetListIterator.cpp
         vector.cpp
         QuestCondition.cpp
         QuestEvent.cpp
         QuestExecute.cpp
         QuestExecute_Count.cpp
         QuestExecute_Item.cpp
         QuestExecute_Quest.cpp
         QuestExecute_RandomItem.cpp
         QuestExecute_Time.cpp
         QuestInfo.cpp
         QuestLimit.cpp
         QuestLimitKind.cpp
         QuestLimitKind_Level.cpp
         QuestLimitKind_Quest.cpp
         QuestNpc.cpp
         QuestNpcData.cpp
         Generating Code...
         Compiling...
         QuestNpcScript.cpp
         QuestNpcScriptData.cpp
         QuestScriptLoader.cpp
         QuestString.cpp
         QuestTrigger.cpp
         SubQuestInfo.cpp
         BootManager.cpp
         CommonDBMsgParser.cpp
         Console.cpp
         DataBase.cpp
         MiniDumper.cpp
         Network.cpp
         ServerListManager.cpp
         AmplifiedPower.cpp
         DelayGroup.cpp
         SkillArea.cpp
         SkillAreaData.cpp
         SkillAreaManager.cpp
         skillinfo.cpp
         SkillManager_client.cpp
         Generating Code...
         Compiling...
         SkillManager_server.cpp
         SkillObjectAttachUnit.cpp
         SkillObjectAttachUnit_Attack.cpp
         SkillObjectAttachUnit_CounterAttack.cpp
         SkillObjectAttachUnit_Defence.cpp
         SkillObjectAttachUnit_Dodge1.cpp
         SkillObjectAttachUnit_Immune.cpp
         SkillObjectAttachUnit_MaxLife.cpp
         SkillObjectAttachUnit_MoveSpeed.cpp
         SkillObjectAttachUnit_Vampiric.cpp
         SkillObjectFactory.cpp
         SkillObjectFirstUnit.cpp
         SkillObjectFirstUnit_Attack.cpp
         SkillObjectFirstUnit_Recover.cpp
         SkillObjectSingleUnit.cpp
         SkillObjectSingleUnit_Attack.cpp
         SkillObjectSingleUnit_Heal.cpp
         SkillObjectSingleUnit_Recharge.cpp
         SkillObjectStateUnit.cpp
         SkillObjectStateUnit_AmplifiedPower.cpp
         Generating Code...
         Compiling...
         SkillObjectStateUnit_DummyState.cpp
         SkillObjectStateUnit_StatusAttach.cpp
         SkillObjectStateUnit_TieUp.cpp
         SkillObjectTargetList.cpp
         SkillObjectTargetList_Area.cpp
         SkillObjectTargetList_Circle.cpp
         SkillObjectTargetList_Fixed.cpp
         SkillObjectTargetList_One.cpp
         SkillObjectTerminator.cpp
         SkillObjectTerminator_Time.cpp
         SkillObject_client.cpp
         SkillObject_Mine.cpp
         skillobject_server.cpp
         SpecialState.cpp
         Status.cpp
         StunState.cpp
         ValueInSung.cpp
         SuryunDefine.cpp
         SuryunManager_client.cpp
         SuryunManager_server.cpp
         Generating Code...
         Compiling...
         AIGroupManager.cpp
         AIGroupPrototype.cpp
         AIManager.cpp
         AIParam.cpp
         AISystem.cpp
         AIUniqueGroup.cpp
         AttackCalc.cpp
         AttackManager.cpp
         AuctionContents.cpp
         BattleFactory_Default.cpp
         BossMonster.cpp
         BossMonsterInfo.cpp
         BossMonsterManager.cpp
         BossRewardsManager.cpp
         BossState.cpp
         ChangeItemMgr.cpp
         Channel.cpp
         ChannelSystem.cpp
         CharacterCalcManager.cpp
         CharacterManager.cpp
         Generating Code...
         Compiling...
         CharMove.cpp
         CheckRoutine.cpp
         cJackpotManager.cpp
         cMonsterSpeechManager.cpp
         CommonNetworkMsgParser.cpp
         ACTION.cpp
         ActionManager.cpp
         ACTION_exe.cpp
         ConditionFactory.cpp
         ConditionManager.cpp
         ConditionNode.cpp
         ConditionObject.cpp
         ConditionObjectManager.cpp
         DATA.cpp
         OPDATA.cpp
         RESOURCE.cpp
         SITUATION.cpp
         SITUATION_exe.cpp
         CQuestBase.cpp
         DataBlock.cpp
         Generating Code...
         Compiling...
         DataBlockManager.cpp
         DissolutionManager.cpp
         Distributer.cpp
         DistributeWay.cpp
         Distribute_Damage.cpp
         Distribute_Random.cpp
         Economy.cpp
         EventMapMgr.cpp
         ExchangeManager.cpp
         ExchangeRoom.cpp
         FameManager.cpp
         FixedTile.cpp
         FixedTileInfo.cpp
         FriendManager.cpp
         GeneralGridTable.cpp
         Grid.cpp
         GridSystem.cpp
         GridTable.cpp
         GridUnit.cpp
         GroupRegenInfo.cpp
         Generating Code...
         Compiling...
         Guild.cpp
         GuildFieldWarMgr.cpp
         GuildManager.cpp
         GuildMark.cpp
         GuildTournamentMgr.cpp
         GuildUnion.cpp
         GuildUnionManager.cpp
         GuildWarehouse.cpp
         HelpRequestManager.cpp
         InventorySlot.cpp
         ItemContainer.cpp
         ItemDrop.cpp
         ItemManager.cpp
         ItemSlot.cpp
         JournalManager.cpp
         KyungGongInfo.cpp
         KyungGongManager.cpp
         LootingManager.cpp
         LootingRoom.cpp
         MapChange.cpp
         Generating Code...
         Compiling...
         MapDBMsgParser.cpp
         MapNetworkMsgParser.cpp
         MapObject.cpp
         MemoryChecker.cpp
         MHError.cpp
         MHFile.cpp
         MHMap.cpp
         MHTimeManager.cpp
         Monster.cpp
         MsgRouter.cpp
         MugongManager.cpp
         MunpaWareSlot.cpp
         MurimGridTable.cpp
         Npc.cpp
         Object.cpp
         ObjectEvent.cpp
         ObjectFactory.cpp
         ObjectStateManager.cpp
         OptionManager.cpp
         PackedData.cpp
         Generating Code...
         Compiling...
         Party.cpp
         PartyManager.cpp
         PartyWarMgr.cpp
         PathManager.cpp
         PatternNPC.cpp
         PatternObject.cpp
         PeaceWarModManager.cpp
         PKManager.cpp
         Player.cpp
         Purse.cpp
         PyoGukManager.cpp
         PyogukSlot.cpp
         Quest.cpp
         QuestGroup.cpp
         QuestManager.cpp
         QuestMapMgr.cpp
         QuestRegenMgr.cpp
         QuestUpdater.cpp
         QuickManager.cpp
         RarenessManager.cpp
         Generating Code...
         Compiling...
         RecallManager.cpp
         RegenConditionInfo.cpp
         RegenManager.cpp
         RegenNPC.cpp
         RegenPrototype.cpp
         ReinforceManager.cpp
         Server.cpp
         ServerSystem.cpp
         ServerTable.cpp
         ShopInvenSlot.cpp
         ShopItemManager.cpp
         ShopItemSlot.cpp
         SiegeWarMgr.cpp
         SiegeWarProfitMgr.cpp
         SocietyActManager.cpp
         StateMachinen.cpp
         StateNPC.cpp
         StateParam.cpp
         StatisticsManager.cpp
         StatsCalcManager.cpp
         Generating Code...
         Compiling...
         StdAfx.cpp
         StreetStall.cpp
         StreetStallManager.cpp
         STRPath.cpp
         SummonGroup.cpp
         SummonInfo.cpp
         SummonMonster.cpp
         SuryunRegen.cpp
         SuryunRegenGroup.cpp
         SuryunRegenGroupInfo.cpp
         SuryunRegenInfo.cpp
         SuryunRegenManager.cpp
         TacticManager.cpp
         TacticObject.cpp
         TacticStartInfo.cpp
         TaticAbilityInfo.cpp
         TileGroup.cpp
         TileManager.cpp
         UngijosikManager.cpp
         UserTable.cpp
         Generating Code...
         Compiling...
         VimuManager.cpp
         WantedInfo.cpp
         WantedManager.cpp
         WearSlot.cpp
         WeatherManager.cpp
         Generating Code...
       Link:
         D:\Software\VS 2013\VC\bin\link.exe /ERRORREPORT:PROMPT /OUT:"..\..\Mx_Server\MapServer.exe" /INCREMENTAL /NOLOGO /LIBPATH:..\LIB /LIBPATH:..\yhlibrary winmm.lib odbc32.lib odbccp32.lib "..\[Lib]YHLibrary\Debug\YHLibrary.lib" ..\lib\release\SS3DGFunc.lib kernel32.lib user32.lib gdi32.lib winspool.lib comdlg32.lib advapi32.lib shell32.lib ole32.lib oleaut32.lib uuid.lib odbc32.lib odbccp32.lib /NODEFAULTLIB:libc.lib /MANIFEST /MANIFESTUAC:"level='asInvoker' uiAccess='false'" /manifest:embed /DEBUG /PDB:"..\..\Mx_Server\MapServer.pdb" /MAP:"..\..\Mx_Server\MapServer.map" /SUBSYSTEM:WINDOWS,"5.01" /TLBID:1 /ENTRY:"WinMainCRTStartup" /DYNAMICBASE /NXCOMPAT /IMPLIB:"..\..\Mx_Server\MapServer.lib" /MACHINE:X86 /PROFILE /SAFESEH:NO .\..\Obj\Mapserver\MapServer___Win32_Debug_Console/UnionWarManager.obj
         .\..\Obj\Mapserver\MapServer___Win32_Debug_Console/Ability.obj
         .\..\Obj\Mapserver\MapServer___Win32_Debug_Console/AbilityCommonHeader.obj
         .\..\Obj\Mapserver\MapServer___Win32_Debug_Console/AbilityGroup.obj
         .\..\Obj\Mapserver\MapServer___Win32_Debug_Console/AbilityInfo.obj
         .\..\Obj\Mapserver\MapServer___Win32_Debug_Console/AbilityManager.obj
         .\..\Obj\Mapserver\MapServer___Win32_Debug_Console/AbilityUpdater.obj
         .\..\Obj\Mapserver\MapServer___Win32_Debug_Console/AbilityUpdater_ApplyData.obj
         .\..\Obj\Mapserver\MapServer___Win32_Debug_Console/AbilityUpdater_CheckLevelUp.obj
         .\..\Obj\Mapserver\MapServer___Win32_Debug_Console/AbilityUpdater_Database.obj
         .\..\Obj\Mapserver\MapServer___Win32_Debug_Console/AbilityUse.obj
         .\..\Obj\Mapserver\MapServer___Win32_Debug_Console/AbilityUse_Job.obj
         .\..\Obj\Mapserver\MapServer___Win32_Debug_Console/AbilityUse_KyungGong.obj
         .\..\Obj\Mapserver\MapServer___Win32_Debug_Console/AbilityUse_Pet.obj
         .\..\Obj\Mapserver\MapServer___Win32_Debug_Console/AbilityUse_Society.obj
         .\..\Obj\Mapserver\MapServer___Win32_Debug_Console/Battle.obj
         .\..\Obj\Mapserver\MapServer___Win32_Debug_Console/BattleFactory.obj
         .\..\Obj\Mapserver\MapServer___Win32_Debug_Console/BattleObject.obj
         .\..\Obj\Mapserver\MapServer___Win32_Debug_Console/BattleRect.obj
         .\..\Obj\Mapserver\MapServer___Win32_Debug_Console/BattleSystem_Client.obj
         .\..\Obj\Mapserver\MapServer___Win32_Debug_Console/BattleSystem_Server.obj
         .\..\Obj\Mapserver\MapServer___Win32_Debug_Console/BattleTeam.obj
         .\..\Obj\Mapserver\MapServer___Win32_Debug_Console/BattleFactory_GTournament.obj
         .\..\Obj\Mapserver\MapServer___Win32_Debug_Console/BattleTeam_GTournament.obj
         .\..\Obj\Mapserver\MapServer___Win32_Debug_Console/Battle_GTournament.obj
         .\..\Obj\Mapserver\MapServer___Win32_Debug_Console/BattleFactory_MunpaField.obj
         .\..\Obj\Mapserver\MapServer___Win32_Debug_Console/BattleTeam_MunpaField.obj
         .\..\Obj\Mapserver\MapServer___Win32_Debug_Console/Battle_MunpaField.obj
         .\..\Obj\Mapserver\MapServer___Win32_Debug_Console/battlefactory_murimfield.obj
         .\..\Obj\Mapserver\MapServer___Win32_Debug_Console/battleteam_murimfield.obj
         .\..\Obj\Mapserver\MapServer___Win32_Debug_Console/battle_murimfield.obj
         .\..\Obj\Mapserver\MapServer___Win32_Debug_Console/BattleFactory_SiegeWar.obj
         .\..\Obj\Mapserver\MapServer___Win32_Debug_Console/BattleTeam_SiegeWar.obj
         .\..\Obj\Mapserver\MapServer___Win32_Debug_Console/Battle_SiegeWar.obj
         .\..\Obj\Mapserver\MapServer___Win32_Debug_Console/BattleFactory_Suryun.obj
         .\..\Obj\Mapserver\MapServer___Win32_Debug_Console/BattleTeam_Suryun.obj
         .\..\Obj\Mapserver\MapServer___Win32_Debug_Console/Battle_Suryun.obj
         .\..\Obj\Mapserver\MapServer___Win32_Debug_Console/BattleFactory_VimuStreet.obj
         .\..\Obj\Mapserver\MapServer___Win32_Debug_Console/BattleTeam_VimuStreet.obj
         .\..\Obj\Mapserver\MapServer___Win32_Debug_Console/Battle_VimuStreet.obj
         .\..\Obj\Mapserver\MapServer___Win32_Debug_Console/CommonCalcFunc.obj
         .\..\Obj\Mapserver\MapServer___Win32_Debug_Console/CommonGameFunc.obj
         .\..\Obj\Mapserver\MapServer___Win32_Debug_Console/GameResourceManager.obj
         .\..\Obj\Mapserver\MapServer___Win32_Debug_Console/TargetData.obj
         .\..\Obj\Mapserver\MapServer___Win32_Debug_Console/TargetList.obj
         .\..\Obj\Mapserver\MapServer___Win32_Debug_Console/TargetListIterator.obj
         .\..\Obj\Mapserver\MapServer___Win32_Debug_Console/vector.obj
         .\..\Obj\Mapserver\MapServer___Win32_Debug_Console/QuestCondition.obj
         .\..\Obj\Mapserver\MapServer___Win32_Debug_Console/QuestEvent.obj
         .\..\Obj\Mapserver\MapServer___Win32_Debug_Console/QuestExecute.obj
         .\..\Obj\Mapserver\MapServer___Win32_Debug_Console/QuestExecute_Count.obj
         .\..\Obj\Mapserver\MapServer___Win32_Debug_Console/QuestExecute_Item.obj
         .\..\Obj\Mapserver\MapServer___Win32_Debug_Console/QuestExecute_Quest.obj
         .\..\Obj\Mapserver\MapServer___Win32_Debug_Console/QuestExecute_RandomItem.obj
         .\..\Obj\Mapserver\MapServer___Win32_Debug_Console/QuestExecute_Time.obj
         .\..\Obj\Mapserver\MapServer___Win32_Debug_Console/QuestInfo.obj
         .\..\Obj\Mapserver\MapServer___Win32_Debug_Console/QuestLimit.obj
         .\..\Obj\Mapserver\MapServer___Win32_Debug_Console/QuestLimitKind.obj
         .\..\Obj\Mapserver\MapServer___Win32_Debug_Console/QuestLimitKind_Level.obj
         .\..\Obj\Mapserver\MapServer___Win32_Debug_Console/QuestLimitKind_Quest.obj
         .\..\Obj\Mapserver\MapServer___Win32_Debug_Console/QuestNpc.obj
         .\..\Obj\Mapserver\MapServer___Win32_Debug_Console/QuestNpcData.obj
         .\..\Obj\Mapserver\MapServer___Win32_Debug_Console/QuestNpcScript.obj
         .\..\Obj\Mapserver\MapServer___Win32_Debug_Console/QuestNpcScriptData.obj
         .\..\Obj\Mapserver\MapServer___Win32_Debug_Console/QuestScriptLoader.obj
         .\..\Obj\Mapserver\MapServer___Win32_Debug_Console/QuestString.obj
         .\..\Obj\Mapserver\MapServer___Win32_Debug_Console/QuestTrigger.obj
         .\..\Obj\Mapserver\MapServer___Win32_Debug_Console/SubQuestInfo.obj
         .\..\Obj\Mapserver\MapServer___Win32_Debug_Console/BootManager.obj
         .\..\Obj\Mapserver\MapServer___Win32_Debug_Console/CommonDBMsgParser.obj
         .\..\Obj\Mapserver\MapServer___Win32_Debug_Console/Console.obj
         .\..\Obj\Mapserver\MapServer___Win32_Debug_Console/DataBase.obj
         .\..\Obj\Mapserver\MapServer___Win32_Debug_Console/MiniDumper.obj
         .\..\Obj\Mapserver\MapServer___Win32_Debug_Console/Network.obj
         .\..\Obj\Mapserver\MapServer___Win32_Debug_Console/ServerListManager.obj
         .\..\Obj\Mapserver\MapServer___Win32_Debug_Console/AmplifiedPower.obj
         .\..\Obj\Mapserver\MapServer___Win32_Debug_Console/DelayGroup.obj
         .\..\Obj\Mapserver\MapServer___Win32_Debug_Console/DetectState.obj
         .\..\Obj\Mapserver\MapServer___Win32_Debug_Console/SkillArea.obj
         .\..\Obj\Mapserver\MapServer___Win32_Debug_Console/SkillAreaData.obj
         .\..\Obj\Mapserver\MapServer___Win32_Debug_Console/SkillAreaManager.obj
         .\..\Obj\Mapserver\MapServer___Win32_Debug_Console/skillinfo.obj
         .\..\Obj\Mapserver\MapServer___Win32_Debug_Console/SkillManager_client.obj
         .\..\Obj\Mapserver\MapServer___Win32_Debug_Console/SkillManager_server.obj
         .\..\Obj\Mapserver\MapServer___Win32_Debug_Console/SkillObjectAttachUnit.obj
         .\..\Obj\Mapserver\MapServer___Win32_Debug_Console/SkillObjectAttachUnit_Attack.obj
         .\..\Obj\Mapserver\MapServer___Win32_Debug_Console/SkillObjectAttachUnit_CounterAttack.obj
         .\..\Obj\Mapserver\MapServer___Win32_Debug_Console/SkillObjectAttachUnit_Defence.obj
         .\..\Obj\Mapserver\MapServer___Win32_Debug_Console/SkillObjectAttachUnit_Dodge1.obj
         .\..\Obj\Mapserver\MapServer___Win32_Debug_Console/SkillObjectAttachUnit_Immune.obj
         .\..\Obj\Mapserver\MapServer___Win32_Debug_Console/SkillObjectAttachUnit_MaxLife.obj
         .\..\Obj\Mapserver\MapServer___Win32_Debug_Console/SkillObjectAttachUnit_MoveSpeed.obj
         .\..\Obj\Mapserver\MapServer___Win32_Debug_Console/SkillObjectAttachUnit_SkipEffect.obj
         .\..\Obj\Mapserver\MapServer___Win32_Debug_Console/SkillObjectAttachUnit_Vampiric.obj
         .\..\Obj\Mapserver\MapServer___Win32_Debug_Console/SkillObjectFactory.obj
         .\..\Obj\Mapserver\MapServer___Win32_Debug_Console/SkillObjectFirstUnit.obj
         .\..\Obj\Mapserver\MapServer___Win32_Debug_Console/SkillObjectFirstUnit_Attack.obj
         .\..\Obj\Mapserver\MapServer___Win32_Debug_Console/SkillObjectFirstUnit_Job.obj
         .\..\Obj\Mapserver\MapServer___Win32_Debug_Console/SkillObjectFirstUnit_Recover.obj
         .\..\Obj\Mapserver\MapServer___Win32_Debug_Console/SkillObjectFirstUnit_SingleSpecialState.obj
         .\..\Obj\Mapserver\MapServer___Win32_Debug_Console/SkillObjectSingleUnit.obj
         .\..\Obj\Mapserver\MapServer___Win32_Debug_Console/SkillObjectSingleUnit_Attack.obj
         .\..\Obj\Mapserver\MapServer___Win32_Debug_Console/SkillObjectSingleUnit_Heal.obj
         .\..\Obj\Mapserver\MapServer___Win32_Debug_Console/SkillObjectSingleUnit_Recharge.obj
         .\..\Obj\Mapserver\MapServer___Win32_Debug_Console/SkillObjectStateUnit.obj
         .\..\Obj\Mapserver\MapServer___Win32_Debug_Console/SkillObjectStateUnit_AmplifiedPower.obj
         .\..\Obj\Mapserver\MapServer___Win32_Debug_Console/SkillObjectStateUnit_DummyState.obj
         .\..\Obj\Mapserver\MapServer___Win32_Debug_Console/SkillObjectStateUnit_StatusAttach.obj
         .\..\Obj\Mapserver\MapServer___Win32_Debug_Console/SkillObjectStateUnit_TieUp.obj
         .\..\Obj\Mapserver\MapServer___Win32_Debug_Console/SkillObjectTargetList.obj
         .\..\Obj\Mapserver\MapServer___Win32_Debug_Console/SkillObjectTargetList_Area.obj
         .\..\Obj\Mapserver\MapServer___Win32_Debug_Console/SkillObjectTargetList_Circle.obj
         .\..\Obj\Mapserver\MapServer___Win32_Debug_Console/SkillObjectTargetList_Fixed.obj
         .\..\Obj\Mapserver\MapServer___Win32_Debug_Console/SkillObjectTargetList_One.obj
         .\..\Obj\Mapserver\MapServer___Win32_Debug_Console/SkillObjectTerminator.obj
         .\..\Obj\Mapserver\MapServer___Win32_Debug_Console/SkillObjectTerminator_Time.obj
         .\..\Obj\Mapserver\MapServer___Win32_Debug_Console/SkillObject_client.obj
         .\..\Obj\Mapserver\MapServer___Win32_Debug_Console/SkillObject_Mine.obj
         .\..\Obj\Mapserver\MapServer___Win32_Debug_Console/skillobject_server.obj
         .\..\Obj\Mapserver\MapServer___Win32_Debug_Console/SpecialState.obj
         .\..\Obj\Mapserver\MapServer___Win32_Debug_Console/Status.obj
         .\..\Obj\Mapserver\MapServer___Win32_Debug_Console/StunState.obj
         .\..\Obj\Mapserver\MapServer___Win32_Debug_Console/ValueInSung.obj
         .\..\Obj\Mapserver\MapServer___Win32_Debug_Console/SuryunDefine.obj
         .\..\Obj\Mapserver\MapServer___Win32_Debug_Console/SuryunManager_client.obj
         .\..\Obj\Mapserver\MapServer___Win32_Debug_Console/SuryunManager_server.obj
         .\..\Obj\Mapserver\MapServer___Win32_Debug_Console/AIGroupManager.obj
         .\..\Obj\Mapserver\MapServer___Win32_Debug_Console/AIGroupPrototype.obj
         .\..\Obj\Mapserver\MapServer___Win32_Debug_Console/AIManager.obj
         .\..\Obj\Mapserver\MapServer___Win32_Debug_Console/AIParam.obj
         .\..\Obj\Mapserver\MapServer___Win32_Debug_Console/AISystem.obj
         .\..\Obj\Mapserver\MapServer___Win32_Debug_Console/AIUniqueGroup.obj
         .\..\Obj\Mapserver\MapServer___Win32_Debug_Console/AttackCalc.obj
         .\..\Obj\Mapserver\MapServer___Win32_Debug_Console/AttackManager.obj
         .\..\Obj\Mapserver\MapServer___Win32_Debug_Console/AuctionContents.obj
         .\..\Obj\Mapserver\MapServer___Win32_Debug_Console/AutoNoteManager.obj
         .\..\Obj\Mapserver\MapServer___Win32_Debug_Console/AutoNoteRoom.obj
         .\..\Obj\Mapserver\MapServer___Win32_Debug_Console/BattleFactory_Default.obj
         .\..\Obj\Mapserver\MapServer___Win32_Debug_Console/BobusangManager.obj
         .\..\Obj\Mapserver\MapServer___Win32_Debug_Console/BossMonster.obj
         .\..\Obj\Mapserver\MapServer___Win32_Debug_Console/BossMonsterInfo.obj
         .\..\Obj\Mapserver\MapServer___Win32_Debug_Console/BossMonsterManager.obj
         .\..\Obj\Mapserver\MapServer___Win32_Debug_Console/BossRewardsManager.obj
         .\..\Obj\Mapserver\MapServer___Win32_Debug_Console/BossState.obj
         .\..\Obj\Mapserver\MapServer___Win32_Debug_Console/ChangeItemMgr.obj
         .\..\Obj\Mapserver\MapServer___Win32_Debug_Console/Channel.obj
         .\..\Obj\Mapserver\MapServer___Win32_Debug_Console/ChannelSystem.obj
         .\..\Obj\Mapserver\MapServer___Win32_Debug_Console/CharacterCalcManager.obj
         .\..\Obj\Mapserver\MapServer___Win32_Debug_Console/CharacterManager.obj
         .\..\Obj\Mapserver\MapServer___Win32_Debug_Console/CharMove.obj
         .\..\Obj\Mapserver\MapServer___Win32_Debug_Console/CheckRoutine.obj
         .\..\Obj\Mapserver\MapServer___Win32_Debug_Console/cJackpotManager.obj
         .\..\Obj\Mapserver\MapServer___Win32_Debug_Console/cMonsterSpeechManager.obj
         .\..\Obj\Mapserver\MapServer___Win32_Debug_Console/CommonNetworkMsgParser.obj
         .\..\Obj\Mapserver\MapServer___Win32_Debug_Console/ACTION.obj
         .\..\Obj\Mapserver\MapServer___Win32_Debug_Console/ActionManager.obj
         .\..\Obj\Mapserver\MapServer___Win32_Debug_Console/ACTION_exe.obj
         .\..\Obj\Mapserver\MapServer___Win32_Debug_Console/ConditionFactory.obj
         .\..\Obj\Mapserver\MapServer___Win32_Debug_Console/ConditionManager.obj
         .\..\Obj\Mapserver\MapServer___Win32_Debug_Console/ConditionNode.obj
         .\..\Obj\Mapserver\MapServer___Win32_Debug_Console/ConditionObject.obj
         .\..\Obj\Mapserver\MapServer___Win32_Debug_Console/ConditionObjectManager.obj
         .\..\Obj\Mapserver\MapServer___Win32_Debug_Console/DATA.obj
         .\..\Obj\Mapserver\MapServer___Win32_Debug_Console/OPDATA.obj
         .\..\Obj\Mapserver\MapServer___Win32_Debug_Console/RESOURCE.obj
         .\..\Obj\Mapserver\MapServer___Win32_Debug_Console/SITUATION.obj
         .\..\Obj\Mapserver\MapServer___Win32_Debug_Console/SITUATION_exe.obj
         .\..\Obj\Mapserver\MapServer___Win32_Debug_Console/CQuestBase.obj
         .\..\Obj\Mapserver\MapServer___Win32_Debug_Console/DataBlock.obj
         .\..\Obj\Mapserver\MapServer___Win32_Debug_Console/DataBlockManager.obj
         .\..\Obj\Mapserver\MapServer___Win32_Debug_Console/Date.obj
         .\..\Obj\Mapserver\MapServer___Win32_Debug_Console/DissolutionManager.obj
         .\..\Obj\Mapserver\MapServer___Win32_Debug_Console/Distributer.obj
         .\..\Obj\Mapserver\MapServer___Win32_Debug_Console/DistributeWay.obj
         .\..\Obj\Mapserver\MapServer___Win32_Debug_Console/Distribute_Damage.obj
         .\..\Obj\Mapserver\MapServer___Win32_Debug_Console/Distribute_Random.obj
         .\..\Obj\Mapserver\MapServer___Win32_Debug_Console/Economy.obj
         .\..\Obj\Mapserver\MapServer___Win32_Debug_Console/EventMapMgr.obj
         .\..\Obj\Mapserver\MapServer___Win32_Debug_Console/ExchangeManager.obj
         .\..\Obj\Mapserver\MapServer___Win32_Debug_Console/ExchangeRoom.obj
         .\..\Obj\Mapserver\MapServer___Win32_Debug_Console/FameManager.obj
         .\..\Obj\Mapserver\MapServer___Win32_Debug_Console/FieldBossMonster.obj
         .\..\Obj\Mapserver\MapServer___Win32_Debug_Console/FieldBossMonsterManager.obj
         .\..\Obj\Mapserver\MapServer___Win32_Debug_Console/FieldSubMonster.obj
         .\..\Obj\Mapserver\MapServer___Win32_Debug_Console/FixedTile.obj
         .\..\Obj\Mapserver\MapServer___Win32_Debug_Console/FixedTileInfo.obj
         .\..\Obj\Mapserver\MapServer___Win32_Debug_Console/FortWarManager.obj
         .\..\Obj\Mapserver\MapServer___Win32_Debug_Console/FortWarWareSlot.obj
         .\..\Obj\Mapserver\MapServer___Win32_Debug_Console/FriendManager.obj
         .\..\Obj\Mapserver\MapServer___Win32_Debug_Console/GameEventManager.obj
         .\..\Obj\Mapserver\MapServer___Win32_Debug_Console/GeneralGridTable.obj
         .\..\Obj\Mapserver\MapServer___Win32_Debug_Console/Grid.obj
         .\..\Obj\Mapserver\MapServer___Win32_Debug_Console/GridSystem.obj
         .\..\Obj\Mapserver\MapServer___Win32_Debug_Console/GridTable.obj
         .\..\Obj\Mapserver\MapServer___Win32_Debug_Console/GridUnit.obj
         .\..\Obj\Mapserver\MapServer___Win32_Debug_Console/GroupRegenInfo.obj
         .\..\Obj\Mapserver\MapServer___Win32_Debug_Console/Guild.obj
         .\..\Obj\Mapserver\MapServer___Win32_Debug_Console/GuildFieldWarMgr.obj
         .\..\Obj\Mapserver\MapServer___Win32_Debug_Console/GuildManager.obj
         .\..\Obj\Mapserver\MapServer___Win32_Debug_Console/GuildMark.obj
         .\..\Obj\Mapserver\MapServer___Win32_Debug_Console/GuildTournamentMgr.obj
         .\..\Obj\Mapserver\MapServer___Win32_Debug_Console/GuildUnion.obj
         .\..\Obj\Mapserver\MapServer___Win32_Debug_Console/GuildUnionManager.obj
         .\..\Obj\Mapserver\MapServer___Win32_Debug_Console/GuildWarehouse.obj
         .\..\Obj\Mapserver\MapServer___Win32_Debug_Console/HelpRequestManager.obj
         .\..\Obj\Mapserver\MapServer___Win32_Debug_Console/IndexManager.obj
         .\..\Obj\Mapserver\MapServer___Win32_Debug_Console/InventorySlot.obj
         .\..\Obj\Mapserver\MapServer___Win32_Debug_Console/ItemContainer.obj
         .\..\Obj\Mapserver\MapServer___Win32_Debug_Console/ItemDrop.obj
         .\..\Obj\Mapserver\MapServer___Win32_Debug_Console/ItemLimitManager.obj
         .\..\Obj\Mapserver\MapServer___Win32_Debug_Console/ItemManager.obj
         .\..\Obj\Mapserver\MapServer___Win32_Debug_Console/ItemSlot.obj
         .\..\Obj\Mapserver\MapServer___Win32_Debug_Console/JournalManager.obj
         .\..\Obj\Mapserver\MapServer___Win32_Debug_Console/KillTopManager.obj
         .\..\Obj\Mapserver\MapServer___Win32_Debug_Console/KyungGongInfo.obj
         .\..\Obj\Mapserver\MapServer___Win32_Debug_Console/KyungGongManager.obj
         .\..\Obj\Mapserver\MapServer___Win32_Debug_Console/LimitItemDropManager.obj
         .\..\Obj\Mapserver\MapServer___Win32_Debug_Console/LootingManager.obj
         .\..\Obj\Mapserver\MapServer___Win32_Debug_Console/LootingRoom.obj
         .\..\Obj\Mapserver\MapServer___Win32_Debug_Console/MapChange.obj
         .\..\Obj\Mapserver\MapServer___Win32_Debug_Console/MapDBMsgParser.obj
         .\..\Obj\Mapserver\MapServer___Win32_Debug_Console/MapItemDrop.obj
         .\..\Obj\Mapserver\MapServer___Win32_Debug_Console/MapNetworkMsgParser.obj
         .\..\Obj\Mapserver\MapServer___Win32_Debug_Console/MapObject.obj
         .\..\Obj\Mapserver\MapServer___Win32_Debug_Console/MemoryChecker.obj
         .\..\Obj\Mapserver\MapServer___Win32_Debug_Console/MHError.obj
         .\..\Obj\Mapserver\MapServer___Win32_Debug_Console/MHFile.obj
         .\..\Obj\Mapserver\MapServer___Win32_Debug_Console/MHMap.obj
         .\..\Obj\Mapserver\MapServer___Win32_Debug_Console/MHTimeManager.obj
         .\..\Obj\Mapserver\MapServer___Win32_Debug_Console/Monster.obj
         .\..\Obj\Mapserver\MapServer___Win32_Debug_Console/MsgRouter.obj
         .\..\Obj\Mapserver\MapServer___Win32_Debug_Console/MugongManager.obj
         .\..\Obj\Mapserver\MapServer___Win32_Debug_Console/MunpaWareSlot.obj
         .\..\Obj\Mapserver\MapServer___Win32_Debug_Console/MurimGridTable.obj
         .\..\Obj\Mapserver\MapServer___Win32_Debug_Console/Npc.obj
         .\..\Obj\Mapserver\MapServer___Win32_Debug_Console/Object.obj
         .\..\Obj\Mapserver\MapServer___Win32_Debug_Console/ObjectEvent.obj
         .\..\Obj\Mapserver\MapServer___Win32_Debug_Console/ObjectFactory.obj
         .\..\Obj\Mapserver\MapServer___Win32_Debug_Console/ObjectStateManager.obj
         .\..\Obj\Mapserver\MapServer___Win32_Debug_Console/OptionManager.obj
         .\..\Obj\Mapserver\MapServer___Win32_Debug_Console/PackedData.obj
         .\..\Obj\Mapserver\MapServer___Win32_Debug_Console/Party.obj
         .\..\Obj\Mapserver\MapServer___Win32_Debug_Console/PartyManager.obj
         .\..\Obj\Mapserver\MapServer___Win32_Debug_Console/PartyWarMgr.obj
         .\..\Obj\Mapserver\MapServer___Win32_Debug_Console/PathManager.obj
         .\..\Obj\Mapserver\MapServer___Win32_Debug_Console/PatternNPC.obj
         .\..\Obj\Mapserver\MapServer___Win32_Debug_Console/PatternObject.obj
         .\..\Obj\Mapserver\MapServer___Win32_Debug_Console/PeaceWarModManager.obj
         .\..\Obj\Mapserver\MapServer___Win32_Debug_Console/Pet.obj
         .\..\Obj\Mapserver\MapServer___Win32_Debug_Console/PetInvenSlot.obj
         .\..\Obj\Mapserver\MapServer___Win32_Debug_Console/PetManager.obj
         .\..\Obj\Mapserver\MapServer___Win32_Debug_Console/PetSpeechManager.obj
         .\..\Obj\Mapserver\MapServer___Win32_Debug_Console/PetWearSlot.obj
         .\..\Obj\Mapserver\MapServer___Win32_Debug_Console/PKManager.obj
         .\..\Obj\Mapserver\MapServer___Win32_Debug_Console/Player.obj
         .\..\Obj\Mapserver\MapServer___Win32_Debug_Console/Purse.obj
         .\..\Obj\Mapserver\MapServer___Win32_Debug_Console/PyoGukManager.obj
         .\..\Obj\Mapserver\MapServer___Win32_Debug_Console/PyogukSlot.obj
         .\..\Obj\Mapserver\MapServer___Win32_Debug_Console/Quest.obj
         .\..\Obj\Mapserver\MapServer___Win32_Debug_Console/QuestGroup.obj
         .\..\Obj\Mapserver\MapServer___Win32_Debug_Console/QuestManager.obj
         .\..\Obj\Mapserver\MapServer___Win32_Debug_Console/QuestMapMgr.obj
         .\..\Obj\Mapserver\MapServer___Win32_Debug_Console/QuestRegenMgr.obj
         .\..\Obj\Mapserver\MapServer___Win32_Debug_Console/QuestUpdater.obj
         .\..\Obj\Mapserver\MapServer___Win32_Debug_Console/QuickManager.obj
         .\..\Obj\Mapserver\MapServer___Win32_Debug_Console/RarenessManager.obj
         .\..\Obj\Mapserver\MapServer___Win32_Debug_Console/RecallManager.obj
         .\..\Obj\Mapserver\MapServer___Win32_Debug_Console/RechargeRecordManager.obj
         .\..\Obj\Mapserver\MapServer___Win32_Debug_Console/RegenConditionInfo.obj
         .\..\Obj\Mapserver\MapServer___Win32_Debug_Console/RegenManager.obj
         .\..\Obj\Mapserver\MapServer___Win32_Debug_Console/RegenNPC.obj
         .\..\Obj\Mapserver\MapServer___Win32_Debug_Console/RegenPrototype.obj
         .\..\Obj\Mapserver\MapServer___Win32_Debug_Console/ReinforceManager.obj
         .\..\Obj\Mapserver\MapServer___Win32_Debug_Console/Server.obj
         .\..\Obj\Mapserver\MapServer___Win32_Debug_Console/ServerSystem.obj
         .\..\Obj\Mapserver\MapServer___Win32_Debug_Console/ServerTable.obj
         .\..\Obj\Mapserver\MapServer___Win32_Debug_Console/ShopInvenSlot.obj
         .\..\Obj\Mapserver\MapServer___Win32_Debug_Console/ShopItemLimitManager.obj
         .\..\Obj\Mapserver\MapServer___Win32_Debug_Console/ShopItemManager.obj
         .\..\Obj\Mapserver\MapServer___Win32_Debug_Console/ShopItemSlot.obj
         .\..\Obj\Mapserver\MapServer___Win32_Debug_Console/SiegeWarGiveItem.obj
         .\..\Obj\Mapserver\MapServer___Win32_Debug_Console/SiegeWarMgr.obj
         .\..\Obj\Mapserver\MapServer___Win32_Debug_Console/SiegeWarProfitMgr.obj
         .\..\Obj\Mapserver\MapServer___Win32_Debug_Console/SingedManager.obj
         .\..\Obj\Mapserver\MapServer___Win32_Debug_Console/SocietyActManager.obj
         .\..\Obj\Mapserver\MapServer___Win32_Debug_Console/sRestManager.obj
         .\..\Obj\Mapserver\MapServer___Win32_Debug_Console/StateMachinen.obj
         .\..\Obj\Mapserver\MapServer___Win32_Debug_Console/StateNPC.obj
         .\..\Obj\Mapserver\MapServer___Win32_Debug_Console/StateParam.obj
         .\..\Obj\Mapserver\MapServer___Win32_Debug_Console/StatisticsManager.obj
         .\..\Obj\Mapserver\MapServer___Win32_Debug_Console/StatsCalcManager.obj
         .\..\Obj\Mapserver\MapServer___Win32_Debug_Console/StdAfx.obj
         .\..\Obj\Mapserver\MapServer___Win32_Debug_Console/StreetStall.obj
         .\..\Obj\Mapserver\MapServer___Win32_Debug_Console/StreetStallManager.obj
         .\..\Obj\Mapserver\MapServer___Win32_Debug_Console/STRPath.obj
         .\..\Obj\Mapserver\MapServer___Win32_Debug_Console/SummonGroup.obj
         .\..\Obj\Mapserver\MapServer___Win32_Debug_Console/SummonInfo.obj
         .\..\Obj\Mapserver\MapServer___Win32_Debug_Console/SummonMonster.obj
         .\..\Obj\Mapserver\MapServer___Win32_Debug_Console/SurvivalModeManager.obj
         .\..\Obj\Mapserver\MapServer___Win32_Debug_Console/SuryunRegen.obj
         .\..\Obj\Mapserver\MapServer___Win32_Debug_Console/SuryunRegenGroup.obj
         .\..\Obj\Mapserver\MapServer___Win32_Debug_Console/SuryunRegenGroupInfo.obj
         .\..\Obj\Mapserver\MapServer___Win32_Debug_Console/SuryunRegenInfo.obj
         .\..\Obj\Mapserver\MapServer___Win32_Debug_Console/SuryunRegenManager.obj
         .\..\Obj\Mapserver\MapServer___Win32_Debug_Console/TacticManager.obj
         .\..\Obj\Mapserver\MapServer___Win32_Debug_Console/TacticObject.obj
         .\..\Obj\Mapserver\MapServer___Win32_Debug_Console/TacticStartInfo.obj
         .\..\Obj\Mapserver\MapServer___Win32_Debug_Console/TaticAbilityInfo.obj
         .\..\Obj\Mapserver\MapServer___Win32_Debug_Console/Tile.obj
         .\..\Obj\Mapserver\MapServer___Win32_Debug_Console/TileGroup.obj
         .\..\Obj\Mapserver\MapServer___Win32_Debug_Console/TileManager.obj
         .\..\Obj\Mapserver\MapServer___Win32_Debug_Console/Titan.obj
         .\..\Obj\Mapserver\MapServer___Win32_Debug_Console/TitanItemManager.obj
         .\..\Obj\Mapserver\MapServer___Win32_Debug_Console/TitanManager.obj
         .\..\Obj\Mapserver\MapServer___Win32_Debug_Console/TitanShopItemSlot.obj
         .\..\Obj\Mapserver\MapServer___Win32_Debug_Console/TitanWearSlot.obj
         .\..\Obj\Mapserver\MapServer___Win32_Debug_Console/UngijosikManager.obj
         .\..\Obj\Mapserver\MapServer___Win32_Debug_Console/UserTable.obj
         .\..\Obj\Mapserver\MapServer___Win32_Debug_Console/VimuManager.obj
         .\..\Obj\Mapserver\MapServer___Win32_Debug_Console/WantedInfo.obj
         .\..\Obj\Mapserver\MapServer___Win32_Debug_Console/WantedManager.obj
         .\..\Obj\Mapserver\MapServer___Win32_Debug_Console/WearSlot.obj
         .\..\Obj\Mapserver\MapServer___Win32_Debug_Console/WeatherManager.obj
     1>LINK : warning LNK4075: ignoring '/INCREMENTAL' due to '/PROFILE' specification
     1>UnionWarManager.obj : warning LNK4075: ignoring '/EDITANDCONTINUE' due to '/OPT:LBR' specification
     1>YHLibrary.lib(PtrList.obj) : warning LNK4099: PDB 'vc120.pdb' was not found with 'YHLibrary.lib(PtrList.obj)' or at 'D:\Mso_NEW\Mx_Server\vc120.pdb'; linking object as if no debug info
     1>YHLibrary.lib(StrTokenizer.obj) : warning LNK4099: PDB 'vc120.pdb' was not found with 'YHLibrary.lib(StrTokenizer.obj)' or at 'D:\Mso_NEW\Mx_Server\vc120.pdb'; linking object as if no debug info
         MapServer.vcxproj -> D:\Mso_NEW\Mso_Code\[Server]Map\..\..\Mx_Server\MapServer.exe
       BscMake:
         D:\Software\VS 2013\VC\bin\bscmake.exe /nologo /o"..\..\Mx_Server\MapServer.bsc" Debug_TL\UnionWarManager.sbr Debug_TL\Ability.sbr Debug_TL\AbilityCommonHeader.sbr Debug_TL\AbilityGroup.sbr Debug_TL\AbilityInfo.sbr Debug_TL\AbilityManager.sbr Debug_TL\AbilityUpdater.sbr Debug_TL\AbilityUpdater_ApplyData.sbr Debug_TL\AbilityUpdater_CheckLevelUp.sbr Debug_TL\AbilityUpdater_Database.sbr Debug_TL\AbilityUse.sbr Debug_TL\AbilityUse_Job.sbr Debug_TL\AbilityUse_KyungGong.sbr Debug_TL\AbilityUse_Pet.sbr Debug_TL\AbilityUse_Society.sbr Debug_TL\Battle.sbr Debug_TL\BattleFactory.sbr Debug_TL\BattleObject.sbr Debug_TL\BattleRect.sbr Debug_TL\BattleSystem_Client.sbr Debug_TL\BattleSystem_Server.sbr Debug_TL\BattleTeam.sbr Debug_TL\BattleFactory_GTournament.sbr Debug_TL\BattleTeam_GTournament.sbr Debug_TL\Battle_GTournament.sbr Debug_TL\BattleFactory_MunpaField.sbr Debug_TL\BattleTeam_MunpaField.sbr Debug_TL\Battle_MunpaField.sbr Debug_TL\battlefactory_murimfield.sbr Debug_TL\battleteam_murimfield.sbr Debug_TL\battle_murimfield.sbr Debug_TL\BattleFactory_SiegeWar.sbr Debug_TL\BattleTeam_SiegeWar.sbr Debug_TL\Battle_SiegeWar.sbr Debug_TL\BattleFactory_Suryun.sbr Debug_TL\BattleTeam_Suryun.sbr Debug_TL\Battle_Suryun.sbr Debug_TL\BattleFactory_VimuStreet.sbr Debug_TL\BattleTeam_VimuStreet.sbr Debug_TL\Battle_VimuStreet.sbr Debug_TL\CommonCalcFunc.sbr Debug_TL\CommonGameFunc.sbr Debug_TL\GameResourceManager.sbr Debug_TL\TargetData.sbr Debug_TL\TargetList.sbr Debug_TL\TargetListIterator.sbr Debug_TL\vector.sbr Debug_TL\QuestCondition.sbr Debug_TL\QuestEvent.sbr Debug_TL\QuestExecute.sbr Debug_TL\QuestExecute_Count.sbr Debug_TL\QuestExecute_Item.sbr Debug_TL\QuestExecute_Quest.sbr Debug_TL\QuestExecute_RandomItem.sbr Debug_TL\QuestExecute_Time.sbr Debug_TL\QuestInfo.sbr Debug_TL\QuestLimit.sbr Debug_TL\QuestLimitKind.sbr Debug_TL\QuestLimitKind_Level.sbr Debug_TL\QuestLimitKind_Quest.sbr Debug_TL\QuestNpc.sbr Debug_TL\QuestNpcData.sbr Debug_TL\QuestNpcScript.sbr Debug_TL\QuestNpcScriptData.sbr Debug_TL\QuestScriptLoader.sbr Debug_TL\QuestString.sbr Debug_TL\QuestTrigger.sbr Debug_TL\SubQuestInfo.sbr Debug_TL\BootManager.sbr Debug_TL\CommonDBMsgParser.sbr Debug_TL\Console.sbr Debug_TL\DataBase.sbr Debug_TL\MiniDumper.sbr Debug_TL\Network.sbr Debug_TL\ServerListManager.sbr Debug_TL\AmplifiedPower.sbr Debug_TL\DelayGroup.sbr Debug_TL\DetectState.sbr Debug_TL\SkillArea.sbr Debug_TL\SkillAreaData.sbr Debug_TL\SkillAreaManager.sbr Debug_TL\skillinfo.sbr Debug_TL\SkillManager_client.sbr Debug_TL\SkillManager_server.sbr Debug_TL\SkillObjectAttachUnit.sbr Debug_TL\SkillObjectAttachUnit_Attack.sbr Debug_TL\SkillObjectAttachUnit_CounterAttack.sbr Debug_TL\SkillObjectAttachUnit_Defence.sbr Debug_TL\SkillObjectAttachUnit_Dodge1.sbr Debug_TL\SkillObjectAttachUnit_Immune.sbr Debug_TL\SkillObjectAttachUnit_MaxLife.sbr Debug_TL\SkillObjectAttachUnit_MoveSpeed.sbr Debug_TL\SkillObjectAttachUnit_SkipEffect.sbr Debug_TL\SkillObjectAttachUnit_Vampiric.sbr Debug_TL\SkillObjectFactory.sbr Debug_TL\SkillObjectFirstUnit.sbr Debug_TL\SkillObjectFirstUnit_Attack.sbr Debug_TL\SkillObjectFirstUnit_Job.sbr Debug_TL\SkillObjectFirstUnit_Recover.sbr Debug_TL\SkillObjectFirstUnit_SingleSpecialState.sbr Debug_TL\SkillObjectSingleUnit.sbr Debug_TL\SkillObjectSingleUnit_Attack.sbr Debug_TL\SkillObjectSingleUnit_Heal.sbr Debug_TL\SkillObjectSingleUnit_Recharge.sbr Debug_TL\SkillObjectStateUnit.sbr Debug_TL\SkillObjectStateUnit_AmplifiedPower.sbr Debug_TL\SkillObjectStateUnit_DummyState.sbr Debug_TL\SkillObjectStateUnit_StatusAttach.sbr Debug_TL\SkillObjectStateUnit_TieUp.sbr Debug_TL\SkillObjectTargetList.sbr Debug_TL\SkillObjectTargetList_Area.sbr Debug_TL\SkillObjectTargetList_Circle.sbr Debug_TL\SkillObjectTargetList_Fixed.sbr Debug_TL\SkillObjectTargetList_One.sbr Debug_TL\SkillObjectTerminator.sbr Debug_TL\SkillObjectTerminator_Time.sbr Debug_TL\SkillObject_client.sbr Debug_TL\SkillObject_Mine.sbr Debug_TL\skillobject_server.sbr Debug_TL\SpecialState.sbr Debug_TL\Status.sbr Debug_TL\StunState.sbr Debug_TL\ValueInSung.sbr Debug_TL\SuryunDefine.sbr Debug_TL\SuryunManager_client.sbr Debug_TL\SuryunManager_server.sbr Debug_TL\AIGroupManager.sbr Debug_TL\AIGroupPrototype.sbr Debug_TL\AIManager.sbr Debug_TL\AIParam.sbr Debug_TL\AISystem.sbr Debug_TL\AIUniqueGroup.sbr Debug_TL\AttackCalc.sbr Debug_TL\AttackManager.sbr Debug_TL\AuctionContents.sbr Debug_TL\AutoNoteManager.sbr Debug_TL\AutoNoteRoom.sbr Debug_TL\BattleFactory_Default.sbr Debug_TL\BobusangManager.sbr Debug_TL\BossMonster.sbr Debug_TL\BossMonsterInfo.sbr Debug_TL\BossMonsterManager.sbr Debug_TL\BossRewardsManager.sbr Debug_TL\BossState.sbr Debug_TL\ChangeItemMgr.sbr Debug_TL\Channel.sbr Debug_TL\ChannelSystem.sbr Debug_TL\CharacterCalcManager.sbr Debug_TL\CharacterManager.sbr Debug_TL\CharMove.sbr Debug_TL\CheckRoutine.sbr Debug_TL\cJackpotManager.sbr Debug_TL\cMonsterSpeechManager.sbr Debug_TL\CommonNetworkMsgParser.sbr Debug_TL\ACTION.sbr Debug_TL\ActionManager.sbr Debug_TL\ACTION_exe.sbr Debug_TL\ConditionFactory.sbr Debug_TL\ConditionManager.sbr Debug_TL\ConditionNode.sbr Debug_TL\ConditionObject.sbr Debug_TL\ConditionObjectManager.sbr Debug_TL\DATA.sbr Debug_TL\OPDATA.sbr Debug_TL\RESOURCE.sbr Debug_TL\SITUATION.sbr Debug_TL\SITUATION_exe.sbr Debug_TL\CQuestBase.sbr Debug_TL\DataBlock.sbr Debug_TL\DataBlockManager.sbr Debug_TL\Date.sbr Debug_TL\DissolutionManager.sbr Debug_TL\Distributer.sbr Debug_TL\DistributeWay.sbr Debug_TL\Distribute_Damage.sbr Debug_TL\Distribute_Random.sbr Debug_TL\Economy.sbr Debug_TL\EventMapMgr.sbr Debug_TL\ExchangeManager.sbr Debug_TL\ExchangeRoom.sbr Debug_TL\FameManager.sbr Debug_TL\FieldBossMonster.sbr Debug_TL\FieldBossMonsterManager.sbr Debug_TL\FieldSubMonster.sbr Debug_TL\FixedTile.sbr Debug_TL\FixedTileInfo.sbr Debug_TL\FortWarManager.sbr Debug_TL\FortWarWareSlot.sbr Debug_TL\FriendManager.sbr Debug_TL\GameEventManager.sbr Debug_TL\GeneralGridTable.sbr Debug_TL\Grid.sbr Debug_TL\GridSystem.sbr Debug_TL\GridTable.sbr Debug_TL\GridUnit.sbr Debug_TL\GroupRegenInfo.sbr Debug_TL\Guild.sbr Debug_TL\GuildFieldWarMgr.sbr Debug_TL\GuildManager.sbr Debug_TL\GuildMark.sbr Debug_TL\GuildTournamentMgr.sbr Debug_TL\GuildUnion.sbr Debug_TL\GuildUnionManager.sbr Debug_TL\GuildWarehouse.sbr Debug_TL\HelpRequestManager.sbr Debug_TL\IndexManager.sbr Debug_TL\InventorySlot.sbr Debug_TL\ItemContainer.sbr Debug_TL\ItemDrop.sbr Debug_TL\ItemLimitManager.sbr Debug_TL\ItemManager.sbr Debug_TL\ItemSlot.sbr Debug_TL\JournalManager.sbr Debug_TL\KillTopManager.sbr Debug_TL\KyungGongInfo.sbr Debug_TL\KyungGongManager.sbr Debug_TL\LimitItemDropManager.sbr Debug_TL\LootingManager.sbr Debug_TL\LootingRoom.sbr Debug_TL\MapChange.sbr Debug_TL\MapDBMsgParser.sbr Debug_TL\MapItemDrop.sbr Debug_TL\MapNetworkMsgParser.sbr Debug_TL\MapObject.sbr Debug_TL\MemoryChecker.sbr Debug_TL\MHError.sbr Debug_TL\MHFile.sbr Debug_TL\MHMap.sbr Debug_TL\MHTimeManager.sbr Debug_TL\Monster.sbr Debug_TL\MsgRouter.sbr Debug_TL\MugongManager.sbr Debug_TL\MunpaWareSlot.sbr Debug_TL\MurimGridTable.sbr Debug_TL\Npc.sbr Debug_TL\Object.sbr Debug_TL\ObjectEvent.sbr Debug_TL\ObjectFactory.sbr Debug_TL\ObjectStateManager.sbr Debug_TL\OptionManager.sbr Debug_TL\PackedData.sbr Debug_TL\Party.sbr Debug_TL\PartyManager.sbr Debug_TL\PartyWarMgr.sbr Debug_TL\PathManager.sbr Debug_TL\PatternNPC.sbr Debug_TL\PatternObject.sbr Debug_TL\PeaceWarModManager.sbr Debug_TL\Pet.sbr Debug_TL\PetInvenSlot.sbr Debug_TL\PetManager.sbr Debug_TL\PetSpeechManager.sbr Debug_TL\PetWearSlot.sbr Debug_TL\PKManager.sbr Debug_TL\Player.sbr Debug_TL\Purse.sbr Debug_TL\PyoGukManager.sbr Debug_TL\PyogukSlot.sbr Debug_TL\Quest.sbr Debug_TL\QuestGroup.sbr Debug_TL\QuestManager.sbr Debug_TL\QuestMapMgr.sbr Debug_TL\QuestRegenMgr.sbr Debug_TL\QuestUpdater.sbr Debug_TL\QuickManager.sbr Debug_TL\RarenessManager.sbr Debug_TL\RecallManager.sbr Debug_TL\RechargeRecordManager.sbr Debug_TL\RegenConditionInfo.sbr Debug_TL\RegenManager.sbr Debug_TL\RegenNPC.sbr Debug_TL\RegenPrototype.sbr Debug_TL\ReinforceManager.sbr Debug_TL\Server.sbr Debug_TL\ServerSystem.sbr Debug_TL\ServerTable.sbr Debug_TL\ShopInvenSlot.sbr Debug_TL\ShopItemLimitManager.sbr Debug_TL\ShopItemManager.sbr Debug_TL\ShopItemSlot.sbr Debug_TL\SiegeWarGiveItem.sbr Debug_TL\SiegeWarMgr.sbr Debug_TL\SiegeWarProfitMgr.sbr Debug_TL\SingedManager.sbr Debug_TL\SocietyActManager.sbr Debug_TL\sRestManager.sbr Debug_TL\StateMachinen.sbr Debug_TL\StateNPC.sbr Debug_TL\StateParam.sbr Debug_TL\StatisticsManager.sbr Debug_TL\StatsCalcManager.sbr Debug_TL\StdAfx.sbr Debug_TL\StreetStall.sbr Debug_TL\StreetStallManager.sbr Debug_TL\STRPath.sbr Debug_TL\SummonGroup.sbr Debug_TL\SummonInfo.sbr Debug_TL\SummonMonster.sbr Debug_TL\SurvivalModeManager.sbr Debug_TL\SuryunRegen.sbr Debug_TL\SuryunRegenGroup.sbr Debug_TL\SuryunRegenGroupInfo.sbr Debug_TL\SuryunRegenInfo.sbr Debug_TL\SuryunRegenManager.sbr Debug_TL\TacticManager.sbr Debug_TL\TacticObject.sbr Debug_TL\TacticStartInfo.sbr Debug_TL\TaticAbilityInfo.sbr Debug_TL\Tile.sbr Debug_TL\TileGroup.sbr Debug_TL\TileManager.sbr Debug_TL\Titan.sbr Debug_TL\TitanItemManager.sbr Debug_TL\TitanManager.sbr Debug_TL\TitanShopItemSlot.sbr Debug_TL\TitanWearSlot.sbr Debug_TL\UngijosikManager.sbr Debug_TL\UserTable.sbr Debug_TL\VimuManager.sbr Debug_TL\WantedInfo.sbr Debug_TL\WantedManager.sbr Debug_TL\WearSlot.sbr Debug_TL\WeatherManager.sbr
     1>Done Building Project "D:\Mso_NEW\Mso_Code\[Server]Map\MapServer.vcxproj" (Rebuild target(s)).

Build succeeded.

Time Elapsed 00:05:50.79
